2017-10-05 21:27:03,055 - helper.StateHandler - INFO - Starting State Machine
2017-10-05 21:27:03,056 - helper.StateHandler - INFO - Entry Point: list
2017-10-05 21:45:26,963 - helper.StateHandler - INFO - Starting State Machine
2017-10-05 21:45:26,964 - helper.StateHandler - INFO - Entry Point: Start
2017-10-05 21:45:31,497 - helper.StateHandler - INFO - Next state: Start
2017-10-05 21:45:39,424 - helper.StateHandler - INFO - Next state: Strength
2017-10-05 21:46:47,452 - helper.StateHandler - INFO - Starting State Machine
2017-10-05 21:46:47,453 - helper.StateHandler - INFO - Entry Point: Start
2017-10-05 21:47:00,327 - helper.StateHandler - INFO - Next state: Strength
2017-10-05 21:49:16,042 - helper.StateHandler - INFO - Starting State Machine
2017-10-05 21:49:16,042 - helper.StateHandler - INFO - Entry Point: Start
2017-10-05 21:49:29,613 - helper.StateHandler - INFO - Starting State Machine
2017-10-05 21:49:29,614 - helper.StateHandler - INFO - Entry Point: Start
2017-10-05 21:51:07,801 - helper.StateHandler - INFO - Starting State Machine
2017-10-05 21:51:07,801 - helper.StateHandler - INFO - Entry Point: Start
2017-10-05 21:51:45,593 - helper.StateHandler - INFO - Starting State Machine
2017-10-05 21:51:45,593 - helper.StateHandler - INFO - Entry Point: Start
2017-10-05 21:51:48,129 - helper.StateHandler - INFO - Next state: Strength
2017-10-05 21:54:05,311 - helper.StateHandler - INFO - Starting State Machine
2017-10-05 21:54:05,311 - helper.StateHandler - INFO - Entry Point: Start
2017-10-05 21:54:07,844 - helper.StateHandler - INFO - Next state: Strength
2017-10-05 21:54:09,323 - helper.StateHandler - INFO - Next state: Agility
2017-10-05 21:54:11,165 - helper.StateHandler - INFO - Next state: Speed
2017-10-05 21:54:12,302 - helper.StateHandler - INFO - Next state: Defense
2017-10-05 21:55:35,169 - helper.StateHandler - INFO - Starting State Machine
2017-10-05 21:55:35,170 - helper.StateHandler - INFO - Entry Point: Start
2017-10-05 21:55:37,107 - helper.StateHandler - INFO - Next state: Strength
2017-10-05 21:55:39,110 - helper.StateHandler - INFO - Next state: Agility
2017-10-05 21:55:40,389 - helper.StateHandler - INFO - Next state: Speed
2017-10-05 21:55:43,020 - helper.StateHandler - INFO - Next state: Defense
2017-10-05 21:56:19,062 - helper.StateHandler - INFO - Starting State Machine
2017-10-05 21:56:19,063 - helper.StateHandler - INFO - Entry Point: Start
2017-10-05 21:56:21,525 - helper.StateHandler - INFO - Next state: Strength
2017-10-05 21:56:23,106 - helper.StateHandler - INFO - Next state: Agility
2017-10-05 21:56:23,768 - helper.StateHandler - INFO - Next state: Speed
2017-10-05 21:56:24,353 - helper.StateHandler - INFO - Next state: Defense
2017-10-05 21:56:50,527 - helper.StateHandler - INFO - Starting State Machine
2017-10-05 21:56:50,528 - helper.StateHandler - INFO - Entry Point: Start
2017-10-05 21:56:52,455 - helper.StateHandler - INFO - Next state: Strength
2017-10-05 21:56:53,883 - helper.StateHandler - INFO - Next state: Agility
2017-10-05 21:56:54,514 - helper.StateHandler - INFO - Next state: Speed
2017-10-05 21:56:55,007 - helper.StateHandler - INFO - Next state: Defense
2017-10-05 22:00:11,207 - helper.StateHandler - INFO - Starting State Machine
2017-10-05 22:00:11,207 - helper.StateHandler - INFO - Entry Point: Start
2017-10-05 22:00:15,100 - helper.StateHandler - INFO - Next state: Strength
2017-10-05 22:00:16,910 - helper.StateHandler - INFO - Next state: Agility
2017-10-05 22:00:17,589 - helper.StateHandler - INFO - Next state: Speed
2017-10-05 22:00:18,161 - helper.StateHandler - INFO - Next state: Defense
2017-10-05 22:00:18,685 - helper.StateHandler - INFO - Next state: Confirm
2017-10-05 22:00:28,488 - helper.StateHandler - INFO - Next state: Store
2017-10-05 22:00:28,508 - helper.StateHandler - INFO - Next state: NoneType
2017-10-05 22:01:37,920 - helper.StateHandler - INFO - Starting State Machine
2017-10-05 22:01:37,922 - helper.StateHandler - INFO - Entry Point: Start
2017-10-05 22:01:45,280 - helper.StateHandler - INFO - Next state: Strength
2017-10-05 22:01:47,335 - helper.StateHandler - INFO - Next state: Agility
2017-10-05 22:01:47,927 - helper.StateHandler - INFO - Next state: Speed
2017-10-05 22:01:48,325 - helper.StateHandler - INFO - Next state: Defense
2017-10-05 22:01:48,870 - helper.StateHandler - INFO - Next state: Confirm
2017-10-05 22:01:53,998 - helper.StateHandler - INFO - Next state: Store
2017-10-05 22:01:53,999 - helper.StateHandler - INFO - Next state: NoneType
